[0.857s] Invoking command in '/home/patricio/cpr_ws/sim_ws/src/f1tenth_gym_ros': PS1=(venv) \[\e]0;\u@\h: \w\a\]${debian_chroot:+($debian_chroot)}\[\033[01;32m\]\u@\h\[\033[00m\]:\[\033[01;34m\]\w\[\033[00m\]\$ PYTHONPATH=/home/patricio/cpr_ws/sim_ws/build/f1tenth_gym_ros/prefix_override:/usr/lib/python3/dist-packages/colcon_core/task/python/colcon_distutils_commands:/home/patricio/cpr_ws/sim_ws/install/f1tenth_gym_ros/lib/python3.10/site-packages:${PYTHONPATH} VIRTUAL_ENV_PROMPT=(venv) /usr/bin/python3 -W ignore:setup.py install is deprecated -W ignore:easy_install command is deprecated setup.py egg_info --egg-base ../../build/f1tenth_gym_ros build --build-base /home/patricio/cpr_ws/sim_ws/build/f1tenth_gym_ros/build install --record /home/patricio/cpr_ws/sim_ws/build/f1tenth_gym_ros/install.log --single-version-externally-managed install_data
[1.045s] running egg_info
[1.045s] creating ../../build/f1tenth_gym_ros/f1tenth_gym_ros.egg-info
[1.045s] writing ../../build/f1tenth_gym_ros/f1tenth_gym_ros.egg-info/PKG-INFO
[1.046s] writing dependency_links to ../../build/f1tenth_gym_ros/f1tenth_gym_ros.egg-info/dependency_links.txt
[1.046s] writing entry points to ../../build/f1tenth_gym_ros/f1tenth_gym_ros.egg-info/entry_points.txt
[1.046s] writing requirements to ../../build/f1tenth_gym_ros/f1tenth_gym_ros.egg-info/requires.txt
[1.046s] writing top-level names to ../../build/f1tenth_gym_ros/f1tenth_gym_ros.egg-info/top_level.txt
[1.046s] writing manifest file '../../build/f1tenth_gym_ros/f1tenth_gym_ros.egg-info/SOURCES.txt'
[1.047s] reading manifest file '../../build/f1tenth_gym_ros/f1tenth_gym_ros.egg-info/SOURCES.txt'
[1.047s] adding license file 'LICENSE'
[1.047s] writing manifest file '../../build/f1tenth_gym_ros/f1tenth_gym_ros.egg-info/SOURCES.txt'
[1.048s] running build
[1.048s] running build_py
[1.048s] creating /home/patricio/cpr_ws/sim_ws/build/f1tenth_gym_ros/build
[1.048s] creating /home/patricio/cpr_ws/sim_ws/build/f1tenth_gym_ros/build/lib
[1.048s] creating /home/patricio/cpr_ws/sim_ws/build/f1tenth_gym_ros/build/lib/f1tenth_gym_ros
[1.048s] copying f1tenth_gym_ros/gym_bridge.py -> /home/patricio/cpr_ws/sim_ws/build/f1tenth_gym_ros/build/lib/f1tenth_gym_ros
[1.048s] copying f1tenth_gym_ros/__init__.py -> /home/patricio/cpr_ws/sim_ws/build/f1tenth_gym_ros/build/lib/f1tenth_gym_ros
[1.048s] running install
[1.048s] running install_lib
[1.049s] creating /home/patricio/cpr_ws/sim_ws/install/f1tenth_gym_ros/lib/python3.10/site-packages/f1tenth_gym_ros
[1.049s] copying /home/patricio/cpr_ws/sim_ws/build/f1tenth_gym_ros/build/lib/f1tenth_gym_ros/gym_bridge.py -> /home/patricio/cpr_ws/sim_ws/install/f1tenth_gym_ros/lib/python3.10/site-packages/f1tenth_gym_ros
[1.049s] copying /home/patricio/cpr_ws/sim_ws/build/f1tenth_gym_ros/build/lib/f1tenth_gym_ros/__init__.py -> /home/patricio/cpr_ws/sim_ws/install/f1tenth_gym_ros/lib/python3.10/site-packages/f1tenth_gym_ros
[1.049s] byte-compiling /home/patricio/cpr_ws/sim_ws/install/f1tenth_gym_ros/lib/python3.10/site-packages/f1tenth_gym_ros/gym_bridge.py to gym_bridge.cpython-310.pyc
[1.052s] byte-compiling /home/patricio/cpr_ws/sim_ws/install/f1tenth_gym_ros/lib/python3.10/site-packages/f1tenth_gym_ros/__init__.py to __init__.cpython-310.pyc
[1.052s] running install_data
[1.052s] creating /home/patricio/cpr_ws/sim_ws/install/f1tenth_gym_ros/share/ament_index
[1.052s] creating /home/patricio/cpr_ws/sim_ws/install/f1tenth_gym_ros/share/ament_index/resource_index
[1.052s] creating /home/patricio/cpr_ws/sim_ws/install/f1tenth_gym_ros/share/ament_index/resource_index/packages
[1.052s] copying resource/f1tenth_gym_ros -> /home/patricio/cpr_ws/sim_ws/install/f1tenth_gym_ros/share/ament_index/resource_index/packages
[1.052s] copying package.xml -> /home/patricio/cpr_ws/sim_ws/install/f1tenth_gym_ros/share/f1tenth_gym_ros
[1.052s] creating /home/patricio/cpr_ws/sim_ws/install/f1tenth_gym_ros/share/f1tenth_gym_ros/launch
[1.052s] copying launch/gym_bridge_launch.py -> /home/patricio/cpr_ws/sim_ws/install/f1tenth_gym_ros/share/f1tenth_gym_ros/launch
[1.052s] copying launch/ego_racecar.xacro -> /home/patricio/cpr_ws/sim_ws/install/f1tenth_gym_ros/share/f1tenth_gym_ros/launch
[1.052s] copying launch/opp_racecar.xacro -> /home/patricio/cpr_ws/sim_ws/install/f1tenth_gym_ros/share/f1tenth_gym_ros/launch
[1.052s] copying launch/gym_bridge.rviz -> /home/patricio/cpr_ws/sim_ws/install/f1tenth_gym_ros/share/f1tenth_gym_ros/launch
[1.052s] creating /home/patricio/cpr_ws/sim_ws/install/f1tenth_gym_ros/share/f1tenth_gym_ros/config
[1.053s] copying config/sim.yaml -> /home/patricio/cpr_ws/sim_ws/install/f1tenth_gym_ros/share/f1tenth_gym_ros/config
[1.053s] running install_egg_info
[1.054s] Copying ../../build/f1tenth_gym_ros/f1tenth_gym_ros.egg-info to /home/patricio/cpr_ws/sim_ws/install/f1tenth_gym_ros/lib/python3.10/site-packages/f1tenth_gym_ros-0.0.0-py3.10.egg-info
[1.055s] running install_scripts
[1.070s] Installing gym_bridge script to /home/patricio/cpr_ws/sim_ws/install/f1tenth_gym_ros/lib/f1tenth_gym_ros
[1.071s] writing list of installed files to '/home/patricio/cpr_ws/sim_ws/build/f1tenth_gym_ros/install.log'
[1.102s] Invoked command in '/home/patricio/cpr_ws/sim_ws/src/f1tenth_gym_ros' returned '0': PS1=(venv) \[\e]0;\u@\h: \w\a\]${debian_chroot:+($debian_chroot)}\[\033[01;32m\]\u@\h\[\033[00m\]:\[\033[01;34m\]\w\[\033[00m\]\$ PYTHONPATH=/home/patricio/cpr_ws/sim_ws/build/f1tenth_gym_ros/prefix_override:/usr/lib/python3/dist-packages/colcon_core/task/python/colcon_distutils_commands:/home/patricio/cpr_ws/sim_ws/install/f1tenth_gym_ros/lib/python3.10/site-packages:${PYTHONPATH} VIRTUAL_ENV_PROMPT=(venv) /usr/bin/python3 -W ignore:setup.py install is deprecated -W ignore:easy_install command is deprecated setup.py egg_info --egg-base ../../build/f1tenth_gym_ros build --build-base /home/patricio/cpr_ws/sim_ws/build/f1tenth_gym_ros/build install --record /home/patricio/cpr_ws/sim_ws/build/f1tenth_gym_ros/install.log --single-version-externally-managed install_data
