[0.714s] Invoking command in '/home/patricio/cpr_ws/sim_ws/src/f1tenth_gym_ros': PS1=(venv) \[\e]0;\u@\h: \w\a\]${debian_chroot:+($debian_chroot)}\[\033[01;32m\]\u@\h\[\033[00m\]:\[\033[01;34m\]\w\[\033[00m\]\$ PYTHONPATH=/home/patricio/cpr_ws/sim_ws/build/f1tenth_gym_ros/prefix_override:/usr/lib/python3/dist-packages/colcon_core/task/python/colcon_distutils_commands:/home/patricio/cpr_ws/sim_ws/install/f1tenth_gym_ros/lib/python3.10/site-packages:${PYTHONPATH} VIRTUAL_ENV_PROMPT=(venv) /usr/bin/python3 -W ignore:setup.py install is deprecated -W ignore:easy_install command is deprecated setup.py egg_info --egg-base ../../build/f1tenth_gym_ros build --build-base /home/patricio/cpr_ws/sim_ws/build/f1tenth_gym_ros/build install --record /home/patricio/cpr_ws/sim_ws/build/f1tenth_gym_ros/install.log --single-version-externally-managed install_data
[0.898s] running egg_info
[0.898s] writing ../../build/f1tenth_gym_ros/f1tenth_gym_ros.egg-info/PKG-INFO
[0.899s] writing dependency_links to ../../build/f1tenth_gym_ros/f1tenth_gym_ros.egg-info/dependency_links.txt
[0.899s] writing entry points to ../../build/f1tenth_gym_ros/f1tenth_gym_ros.egg-info/entry_points.txt
[0.899s] writing requirements to ../../build/f1tenth_gym_ros/f1tenth_gym_ros.egg-info/requires.txt
[0.899s] writing top-level names to ../../build/f1tenth_gym_ros/f1tenth_gym_ros.egg-info/top_level.txt
[0.900s] reading manifest file '../../build/f1tenth_gym_ros/f1tenth_gym_ros.egg-info/SOURCES.txt'
[0.900s] adding license file 'LICENSE'
[0.901s] writing manifest file '../../build/f1tenth_gym_ros/f1tenth_gym_ros.egg-info/SOURCES.txt'
[0.901s] running build
[0.901s] running build_py
[0.901s] running install
[0.901s] running install_lib
[0.902s] running install_data
[0.902s] running install_egg_info
[0.904s] removing '/home/patricio/cpr_ws/sim_ws/install/f1tenth_gym_ros/lib/python3.10/site-packages/f1tenth_gym_ros-0.0.0-py3.10.egg-info' (and everything under it)
[0.904s] Copying ../../build/f1tenth_gym_ros/f1tenth_gym_ros.egg-info to /home/patricio/cpr_ws/sim_ws/install/f1tenth_gym_ros/lib/python3.10/site-packages/f1tenth_gym_ros-0.0.0-py3.10.egg-info
[0.905s] running install_scripts
[0.920s] Installing gym_bridge script to /home/patricio/cpr_ws/sim_ws/install/f1tenth_gym_ros/lib/f1tenth_gym_ros
[0.920s] writing list of installed files to '/home/patricio/cpr_ws/sim_ws/build/f1tenth_gym_ros/install.log'
[0.942s] Invoked command in '/home/patricio/cpr_ws/sim_ws/src/f1tenth_gym_ros' returned '0': PS1=(venv) \[\e]0;\u@\h: \w\a\]${debian_chroot:+($debian_chroot)}\[\033[01;32m\]\u@\h\[\033[00m\]:\[\033[01;34m\]\w\[\033[00m\]\$ PYTHONPATH=/home/patricio/cpr_ws/sim_ws/build/f1tenth_gym_ros/prefix_override:/usr/lib/python3/dist-packages/colcon_core/task/python/colcon_distutils_commands:/home/patricio/cpr_ws/sim_ws/install/f1tenth_gym_ros/lib/python3.10/site-packages:${PYTHONPATH} VIRTUAL_ENV_PROMPT=(venv) /usr/bin/python3 -W ignore:setup.py install is deprecated -W ignore:easy_install command is deprecated setup.py egg_info --egg-base ../../build/f1tenth_gym_ros build --build-base /home/patricio/cpr_ws/sim_ws/build/f1tenth_gym_ros/build install --record /home/patricio/cpr_ws/sim_ws/build/f1tenth_gym_ros/install.log --single-version-externally-managed install_data
